
> @lade/workers@1.0.0 typecheck C:\Users\Girish Lade\OneDrive\Desktop\SEO-tool-AI\apps\workers
> tsc --noEmit

src/handlers/analysis.handler.ts(9,7): error TS6133: 'analysisService' is declared but its value is never read.
src/handlers/analysis.handler.ts(16,22): error TS2339: Property 'update' does not exist on type 'AnalysisRepository'.
src/handlers/analysis.handler.ts(34,24): error TS2339: Property 'update' does not exist on type 'AnalysisRepository'.
src/handlers/analysis.handler.ts(42,24): error TS2339: Property 'update' does not exist on type 'AnalysisRepository'.
src/handlers/report.handler.ts(9,7): error TS6133: 'reportService' is declared but its value is never read.
src/handlers/report.handler.ts(14,86): error TS2353: Object literal may only specify known properties, and 'limit' does not exist in type 'PaginationParams'.
src/handlers/report.handler.ts(18,22): error TS2339: Property 'update' does not exist on type 'ReportRepository'.
src/handlers/report.handler.ts(26,62): error TS2339: Property 'pagesAnalyzed' does not exist on type '{}'.
src/handlers/report.handler.ts(26,105): error TS2339: Property 'issuesFound' does not exist on type '{}'.
src/handlers/report.handler.ts(28,53): error TS2339: Property 'overallScore' does not exist on type '{}'.
src/handlers/report.handler.ts(38,22): error TS2339: Property 'update' does not exist on type 'ReportRepository'.
src/handlers/report.handler.ts(46,22): error TS2339: Property 'update' does not exist on type 'ReportRepository'.
src/index.ts(4,34): error TS6133: 'handleBulkNotificationSend' is declared but its value is never read.
src/index.ts(9,38): error TS2345: Argument of type '(job: Job<{ analysisId: string; url: string; pageContent: string; }>) => Promise<void>' is not assignable to parameter of type '(job: Job<unknown>) => Promise<void>'.
  Types of parameters 'job' and 'job' are incompatible.
    Type 'Job<unknown>' is not assignable to type 'Job<{ analysisId: string; url: string; pageContent: string; }>'.
      Type 'unknown' is not assignable to type '{ analysisId: string; url: string; pageContent: string; }'.
src/index.ts(10,41): error TS2345: Argument of type '(job: Job<{ reportId: string; projectId: string; type: string; }>) => Promise<void>' is not assignable to parameter of type '(job: Job<unknown>) => Promise<void>'.
  Types of parameters 'job' and 'job' are incompatible.
    Type 'Job<unknown>' is not assignable to type 'Job<{ reportId: string; projectId: string; type: string; }>'.
      Type 'unknown' is not assignable to type '{ reportId: string; projectId: string; type: string; }'.
src/index.ts(11,44): error TS2345: Argument of type '(job: Job<{ userId: string; type: string; title: string; message: string; data?: Record<string, unknown> | undefined; }>) => Promise<void>' is not assignable to parameter of type '(job: Job<unknown>) => Promise<void>'.
  Types of parameters 'job' and 'job' are incompatible.
    Type 'Job<unknown>' is not assignable to type 'Job<{ userId: string; type: string; title: string; message: string; data?: Record<string, unknown> | undefined; }>'.
      Type 'unknown' is not assignable to type '{ userId: string; type: string; title: string; message: string; data?: Record<string, unknown> | undefined; }'.
src/index.ts(12,40): error TS2345: Argument of type '(job: Job<{ userId: string; type: string; quantity: number; description: string; }>) => Promise<void>' is not assignable to parameter of type '(job: Job<unknown>) => Promise<void>'.
  Types of parameters 'job' and 'job' are incompatible.
    Type 'Job<unknown>' is not assignable to type 'Job<{ userId: string; type: string; quantity: number; description: string; }>'.
      Type 'unknown' is not assignable to type '{ userId: string; type: string; quantity: number; description: string; }'.
src/index.ts(13,41): error TS2345: Argument of type '(job: Job<{ userId: string; period: string; }>) => Promise<void>' is not assignable to parameter of type '(job: Job<unknown>) => Promise<void>'.
  Types of parameters 'job' and 'job' are incompatible.
    Type 'Job<unknown>' is not assignable to type 'Job<{ userId: string; period: string; }>'.
      Type 'unknown' is not assignable to type '{ userId: string; period: string; }'.
src/queue.ts(2,29): error TS6196: 'JobStatus' is declared but never used.
src/queue.ts(80,36): error TS2353: Object literal may only specify known properties, and 'id' does not exist in type 'Error'.
../../packages/services/src/analysis/analysis.service.ts(3,57): error TS6196: 'AnalysisSummary' is declared but never used.
../../packages/services/src/analysis/analysis.service.ts(21,7): error TS2322: Type 'null' is not assignable to type 'number | undefined'.
../../packages/services/src/content/content.service.ts(16,5): error TS2322: Type '{ _count: { versions: number; }; createdByUser: { name: string; email: string; id: string; }; updatedByUser: { name: string; email: string; id: string; }; } & { type: ContentType; status: ContentStatus; ... 15 more ...; publishedAt: Date | null; }' is not assignable to type 'Content'.
  Types of property 'content' are incompatible.
    Type 'string | null' is not assignable to type 'string'.
      Type 'null' is not assignable to type 'string'.
../../packages/services/src/content/content.service.ts(42,7): error TS2322: Type 'string | null' is not assignable to type 'string | undefined'.
  Type 'null' is not assignable to type 'string | undefined'.
../../packages/services/src/content/content.service.ts(53,11): error TS6133: 'content' is declared but its value is never read.
../../packages/services/src/content/content.service.ts(68,7): error TS2353: Object literal may only specify known properties, and 'version' does not exist in type 'CreateVersionData'.
../../packages/services/src/keywords/keyword.service.ts(5,15): error TS2724: '"@lade/database"' has no exported member named 'Prisma'. Did you mean 'prisma'?
../../packages/services/src/projects/project.service.ts(38,7): error TS2322: Type 'string | null' is not assignable to type 'string | undefined'.
  Type 'null' is not assignable to type 'string | undefined'.
../../packages/services/src/projects/project.service.ts(39,7): error TS2322: Type 'Partial<ProjectSettings> | null' is not assignable to type 'Record<string, unknown> | undefined'.
  Type 'null' is not assignable to type 'Record<string, unknown> | undefined'.
../../packages/services/src/projects/project.service.ts(76,29): error TS6133: 'userId' is declared but its value is never read.
../../packages/services/src/projects/project.service.ts(76,45): error TS6133: 'userRole' is declared but its value is never read.
../../packages/services/src/reports/report.service.ts(29,7): error TS2322: Type 'ReportConfig' is not assignable to type 'Record<string, unknown>'.
  Index signature for type 'string' is missing in type 'ReportConfig'.
../../packages/services/src/reports/report.service.ts(40,7): error TS2322: Type 'ReportConfig' is not assignable to type 'Record<string, unknown>'.
  Index signature for type 'string' is missing in type 'ReportConfig'.
 ELIFECYCLE  Command failed with exit code 2.
